  playGame.cpp
c:\users\amin\desktop\final project ap\ap final\ap final\playgame.cpp(322): warning C4305: '+=': truncation from 'double' to 'float'
c:\users\amin\desktop\final project ap\ap final\ap final\playgame.cpp(325): warning C4305: '+=': truncation from 'double' to 'float'
c:\users\amin\desktop\final project ap\ap final\ap final\playgame.cpp(373): warning C4305: '+=': truncation from 'double' to 'float'
c:\users\amin\desktop\final project ap\ap final\ap final\playgame.cpp(376): warning C4305: '+=': truncation from 'double' to 'float'
c:\users\amin\desktop\final project ap\ap final\ap final\playgame.cpp(400): warning C4305: 'argument': truncation from 'double' to 'float'
c:\users\amin\desktop\final project ap\ap final\ap final\playgame.cpp(403): warning C4305: '+=': truncation from 'double' to 'float'
c:\users\amin\desktop\final project ap\ap final\ap final\playgame.cpp(406): warning C4305: '+=': truncation from 'double' to 'float'
c:\users\amin\desktop\final project ap\ap final\ap final\playgame.cpp(429): warning C4305: 'argument': truncation from 'double' to 'float'
c:\users\amin\desktop\final project ap\ap final\ap final\playgame.cpp(432): warning C4305: '+=': truncation from 'double' to 'float'
c:\users\amin\desktop\final project ap\ap final\ap final\playgame.cpp(435): warning C4305: '+=': truncation from 'double' to 'float'
c:\users\amin\desktop\final project ap\ap final\ap final\playgame.cpp(458): warning C4305: 'argument': truncation from 'double' to 'float'
c:\users\amin\desktop\final project ap\ap final\ap final\playgame.cpp(461): warning C4305: '+=': truncation from 'double' to 'float'
c:\users\amin\desktop\final project ap\ap final\ap final\playgame.cpp(464): warning C4305: '+=': truncation from 'double' to 'float'
c:\users\amin\desktop\final project ap\ap final\ap final\playgame.cpp(487): warning C4305: 'argument': truncation from 'double' to 'float'
c:\users\amin\desktop\final project ap\ap final\ap final\playgame.cpp(490): warning C4305: '+=': truncation from 'double' to 'float'
c:\users\amin\desktop\final project ap\ap final\ap final\playgame.cpp(493): warning C4305: '+=': truncation from 'double' to 'float'
c:\users\amin\desktop\final project ap\ap final\ap final\playgame.cpp(516): warning C4305: 'argument': truncation from 'double' to 'float'
c:\users\amin\desktop\final project ap\ap final\ap final\playgame.cpp(519): warning C4305: '+=': truncation from 'double' to 'float'
c:\users\amin\desktop\final project ap\ap final\ap final\playgame.cpp(522): warning C4305: '+=': truncation from 'double' to 'float'
c:\users\amin\desktop\final project ap\ap final\ap final\playgame.cpp(545): warning C4305: 'argument': truncation from 'double' to 'float'
c:\users\amin\desktop\final project ap\ap final\ap final\playgame.cpp(548): warning C4305: '+=': truncation from 'double' to 'float'
c:\users\amin\desktop\final project ap\ap final\ap final\playgame.cpp(551): warning C4305: '+=': truncation from 'double' to 'float'
c:\users\amin\desktop\final project ap\ap final\ap final\playgame.cpp(574): warning C4305: 'argument': truncation from 'double' to 'float'
c:\users\amin\desktop\final project ap\ap final\ap final\playgame.cpp(577): warning C4305: '+=': truncation from 'double' to 'float'
c:\users\amin\desktop\final project ap\ap final\ap final\playgame.cpp(580): warning C4305: '+=': truncation from 'double' to 'float'
c:\users\amin\desktop\final project ap\ap final\ap final\playgame.cpp(603): warning C4305: 'argument': truncation from 'double' to 'float'
c:\users\amin\desktop\final project ap\ap final\ap final\playgame.cpp(606): warning C4305: '+=': truncation from 'double' to 'float'
c:\users\amin\desktop\final project ap\ap final\ap final\playgame.cpp(609): warning C4305: '+=': truncation from 'double' to 'float'
c:\users\amin\desktop\final project ap\ap final\ap final\playgame.cpp(632): warning C4305: 'argument': truncation from 'double' to 'float'
c:\users\amin\desktop\final project ap\ap final\ap final\playgame.cpp(635): warning C4305: '+=': truncation from 'double' to 'float'
c:\users\amin\desktop\final project ap\ap final\ap final\playgame.cpp(638): warning C4305: '+=': truncation from 'double' to 'float'
c:\users\amin\desktop\final project ap\ap final\ap final\playgame.cpp(661): warning C4305: 'argument': truncation from 'double' to 'float'
c:\users\amin\desktop\final project ap\ap final\ap final\playgame.cpp(664): warning C4305: '+=': truncation from 'double' to 'float'
c:\users\amin\desktop\final project ap\ap final\ap final\playgame.cpp(667): warning C4305: '+=': truncation from 'double' to 'float'
c:\users\amin\desktop\final project ap\ap final\ap final\playgame.cpp(690): warning C4305: 'argument': truncation from 'double' to 'float'
c:\users\amin\desktop\final project ap\ap final\ap final\playgame.cpp(693): warning C4305: '+=': truncation from 'double' to 'float'
c:\users\amin\desktop\final project ap\ap final\ap final\playgame.cpp(696): warning C4305: '+=': truncation from 'double' to 'float'
c:\users\amin\desktop\final project ap\ap final\ap final\playgame.cpp(719): warning C4305: 'argument': truncation from 'double' to 'float'
c:\users\amin\desktop\final project ap\ap final\ap final\playgame.cpp(722): warning C4305: '+=': truncation from 'double' to 'float'
c:\users\amin\desktop\final project ap\ap final\ap final\playgame.cpp(725): warning C4305: '+=': truncation from 'double' to 'float'
c:\users\amin\desktop\final project ap\ap final\ap final\playgame.cpp(748): warning C4305: 'argument': truncation from 'double' to 'float'
c:\users\amin\desktop\final project ap\ap final\ap final\playgame.cpp(751): warning C4305: '+=': truncation from 'double' to 'float'
c:\users\amin\desktop\final project ap\ap final\ap final\playgame.cpp(754): warning C4305: '+=': truncation from 'double' to 'float'
c:\users\amin\desktop\final project ap\ap final\ap final\playgame.cpp(777): warning C4305: 'argument': truncation from 'double' to 'float'
c:\users\amin\desktop\final project ap\ap final\ap final\playgame.cpp(780): warning C4305: '+=': truncation from 'double' to 'float'
c:\users\amin\desktop\final project ap\ap final\ap final\playgame.cpp(783): warning C4305: '+=': truncation from 'double' to 'float'
c:\users\amin\desktop\final project ap\ap final\ap final\playgame.cpp(806): warning C4305: 'argument': truncation from 'double' to 'float'
c:\users\amin\desktop\final project ap\ap final\ap final\playgame.cpp(809): warning C4305: '+=': truncation from 'double' to 'float'
c:\users\amin\desktop\final project ap\ap final\ap final\playgame.cpp(812): warning C4305: '+=': truncation from 'double' to 'float'
c:\users\amin\desktop\final project ap\ap final\ap final\playgame.cpp(835): warning C4305: 'argument': truncation from 'double' to 'float'
c:\users\amin\desktop\final project ap\ap final\ap final\playgame.cpp(838): warning C4305: '+=': truncation from 'double' to 'float'
c:\users\amin\desktop\final project ap\ap final\ap final\playgame.cpp(841): warning C4305: '+=': truncation from 'double' to 'float'
c:\users\amin\desktop\final project ap\ap final\ap final\playgame.cpp(864): warning C4305: 'argument': truncation from 'double' to 'float'
c:\users\amin\desktop\final project ap\ap final\ap final\playgame.cpp(867): warning C4305: '+=': truncation from 'double' to 'float'
c:\users\amin\desktop\final project ap\ap final\ap final\playgame.cpp(870): warning C4305: '+=': truncation from 'double' to 'float'
c:\users\amin\desktop\final project ap\ap final\ap final\playgame.cpp(893): warning C4305: 'argument': truncation from 'double' to 'float'
c:\users\amin\desktop\final project ap\ap final\ap final\playgame.cpp(896): warning C4305: '+=': truncation from 'double' to 'float'
c:\users\amin\desktop\final project ap\ap final\ap final\playgame.cpp(899): warning C4305: '+=': truncation from 'double' to 'float'
c:\users\amin\desktop\final project ap\ap final\ap final\playgame.cpp(922): warning C4305: 'argument': truncation from 'double' to 'float'
c:\users\amin\desktop\final project ap\ap final\ap final\playgame.cpp(925): warning C4305: '+=': truncation from 'double' to 'float'
c:\users\amin\desktop\final project ap\ap final\ap final\playgame.cpp(928): warning C4305: '+=': truncation from 'double' to 'float'
c:\users\amin\desktop\final project ap\ap final\ap final\playgame.cpp(951): warning C4305: 'argument': truncation from 'double' to 'float'
c:\users\amin\desktop\final project ap\ap final\ap final\playgame.cpp(954): warning C4305: '+=': truncation from 'double' to 'float'
c:\users\amin\desktop\final project ap\ap final\ap final\playgame.cpp(957): warning C4305: '+=': truncation from 'double' to 'float'
c:\users\amin\desktop\final project ap\ap final\ap final\playgame.cpp(980): warning C4305: 'argument': truncation from 'double' to 'float'
c:\users\amin\desktop\final project ap\ap final\ap final\playgame.cpp(983): warning C4305: '+=': truncation from 'double' to 'float'
c:\users\amin\desktop\final project ap\ap final\ap final\playgame.cpp(986): warning C4305: '+=': truncation from 'double' to 'float'
c:\users\amin\desktop\final project ap\ap final\ap final\playgame.cpp(1009): warning C4305: 'argument': truncation from 'double' to 'float'
c:\users\amin\desktop\final project ap\ap final\ap final\playgame.cpp(1012): warning C4305: '+=': truncation from 'double' to 'float'
c:\users\amin\desktop\final project ap\ap final\ap final\playgame.cpp(1015): warning C4305: '+=': truncation from 'double' to 'float'
c:\users\amin\desktop\final project ap\ap final\ap final\playgame.cpp(1038): warning C4305: 'argument': truncation from 'double' to 'float'
c:\users\amin\desktop\final project ap\ap final\ap final\playgame.cpp(1041): warning C4305: '+=': truncation from 'double' to 'float'
c:\users\amin\desktop\final project ap\ap final\ap final\playgame.cpp(1044): warning C4305: '+=': truncation from 'double' to 'float'
c:\users\amin\desktop\final project ap\ap final\ap final\playgame.cpp(1067): warning C4305: 'argument': truncation from 'double' to 'float'
c:\users\amin\desktop\final project ap\ap final\ap final\playgame.cpp(1070): warning C4305: '+=': truncation from 'double' to 'float'
c:\users\amin\desktop\final project ap\ap final\ap final\playgame.cpp(1073): warning C4305: '+=': truncation from 'double' to 'float'
  Generating Code...
  Skipping... (no relevant changes detected)
  main.cpp
  ap final.vcxproj -> C:\Users\Amin\Desktop\final project ap\ap final\Debug\ap final.exe
  ap final.vcxproj -> C:\Users\Amin\Desktop\final project ap\ap final\Debug\ap final.pdb (Partial PDB)
